accelerationServer/build/outputs/logs/manifest-merger-debug-report.txt
-- Merging decision tree log ---
manifest
ADDED from src/main/AndroidManifest.xml:20:1-71:12
	package
		ADDED from src/main/AndroidManifest.xml:21:5-34
		INJECTED from src/main/AndroidManifest.xml
		INJECTED from src/main/AndroidManifest.xml
	android:versionName
		ADDED from src/main/AndroidManifest.xml:23:5-30
		INJECTED from src/main/AndroidManifest.xml
		INJECTED from src/main/AndroidManifest.xml
	android:versionCode
		ADDED from src/main/AndroidManifest.xml:22:5-28
		INJECTED from src/main/AndroidManifest.xml
		INJECTED from src/main/AndroidManifest.xml
	xmlns:android
		ADDED from src/main/AndroidManifest.xml:20:11-69
uses-sdk
ADDED from src/main/AndroidManifest.xml:25:5-27:41
MERGED from [rapid-android-studio:accelerationClient:unspecified] AndroidManifest.xml:24:5-26:41
	android:targetSdkVersion
		ADDED from src/main/AndroidManifest.xml:27:9-38
		INJECTED from src/main/AndroidManifest.xml
		INJECTED from src/main/AndroidManifest.xml
	android:minSdkVersion
		ADDED from src/main/AndroidManifest.xml:26:9-35
		INJECTED from src/main/AndroidManifest.xml
		INJECTED from src/main/AndroidManifest.xml
uses-permission#android.permission.INTERNET
ADDED from src/main/AndroidManifest.xml:29:5-67
	android:name
		ADDED from src/main/AndroidManifest.xml:29:22-64
uses-permission#android.permission.INSTALL_PACKAGES
ADDED from src/main/AndroidManifest.xml:30:5-75
	android:name
		ADDED from src/main/AndroidManifest.xml:30:22-72
uses-permission#android.permission.RECEIVE_BOOT_COMPLETED
ADDED from src/main/AndroidManifest.xml:31:5-81
	android:name
		ADDED from src/main/AndroidManifest.xml:31:22-78
uses-permission#android.permission.WRITE_EXTERNAL_STORAGE
ADDED from src/main/AndroidManifest.xml:32:5-81
MERGED from [rapid-android-studio:accelerationClient:unspecified] AndroidManifest.xml:28:5-81
	android:name
		ADDED from src/main/AndroidManifest.xml:32:22-78
uses-permission#android.permission.READ_PHONE_STATE
ADDED from src/main/AndroidManifest.xml:33:5-75
MERGED from [rapid-android-studio:accelerationClient:unspecified] AndroidManifest.xml:29:5-75
	android:name
		ADDED from src/main/AndroidManifest.xml:33:22-72
uses-permission#android.permission.ACCESS_WIFI_STATE
ADDED from src/main/AndroidManifest.xml:34:5-76
	android:name
		ADDED from src/main/AndroidManifest.xml:34:22-73
application
ADDED from src/main/AndroidManifest.xml:36:5-69:19
MERGED from [rapid-android-studio:accelerationClient:unspecified] AndroidManifest.xml:32:5-39:19
	android:enabled
		ADDED from src/main/AndroidManifest.xml:38:9-31
	android:label
		ADDED from src/main/AndroidManifest.xml:40:9-41
	android:debuggable
		ADDED from [rapid-android-studio:accelerationClient:unspecified] AndroidManifest.xml:33:9-34
	android:allowBackup
		ADDED from src/main/AndroidManifest.xml:37:9-35
	android:icon
		ADDED from src/main/AndroidManifest.xml:39:9-38
	android:persistent
		ADDED from src/main/AndroidManifest.xml:41:9-34
activity#eu.project.rapid.as.RapidServerActivity
ADDED from src/main/AndroidManifest.xml:42:9-48:20
	android:name
		ADDED from src/main/AndroidManifest.xml:42:19-73
intent-filter#android.intent.action.MAIN+android.intent.category.LAUNCHER
ADDED from src/main/AndroidManifest.xml:43:13-47:29
action#android.intent.action.MAIN
ADDED from src/main/AndroidManifest.xml:44:17-69
	android:name
		ADDED from src/main/AndroidManifest.xml:44:25-66
category#android.intent.category.LAUNCHER
ADDED from src/main/AndroidManifest.xml:46:17-77
	android:name
		ADDED from src/main/AndroidManifest.xml:46:27-74
service#eu.project.rapid.as.AccelerationServer
ADDED from src/main/AndroidManifest.xml:50:9-60:19
	android:exported
		ADDED from src/main/AndroidManifest.xml:51:13-37
	android:name
		ADDED from src/main/AndroidManifest.xml:50:18-71
intent-filter#eu.project.rapid.as.AccelerationServer
ADDED from src/main/AndroidManifest.xml:52:13-54:29
action#eu.project.rapid.as.AccelerationServer
ADDED from src/main/AndroidManifest.xml:53:17-81
	android:name
		ADDED from src/main/AndroidManifest.xml:53:25-78
receiver#eu.project.rapid.as.AccelerationServerAutoStarter
ADDED from src/main/AndroidManifest.xml:62:9-68:20
	android:name
		ADDED from src/main/AndroidManifest.xml:62:19-83
intent-filter#android.intent.action.BOOT_COMPLETED+android.intent.category.HOME
ADDED from src/main/AndroidManifest.xml:63:13-67:29
action#android.intent.action.BOOT_COMPLETED
ADDED from src/main/AndroidManifest.xml:64:17-79
	android:name
		ADDED from src/main/AndroidManifest.xml:64:25-76
category#android.intent.category.HOME
ADDED from src/main/AndroidManifest.xml:66:17-73
	android:name
		ADDED from src/main/AndroidManifest.xml:66:27-70
uses-permission#android.permission.CHANGE_WIFI_MULTICAST_STATE
ADDED from [rapid-android-studio:accelerationClient:unspecified] AndroidManifest.xml:30:5-86
	android:name
		ADDED from [rapid-android-studio:accelerationClient:unspecified] AndroidManifest.xml:30:22-83